<?xml version="1.0" encoding="UTF-8"?>
<!-- Generated by org.testng.reporters.JUnitReportReporter -->
<testsuite hostname="LAPTOP-QLT6PL8A" failures="0" tests="1" name="testng.ExtentReportExample" time="0.025" errors="0" timestamp="2022-05-24T01:20:40 IST" skipped="0">
  <testcase classname="testng.ExtentReportExample" name="verifyTest1" time="0.025"/>
  <system-out/>
</testsuite> <!-- testng.ExtentReportExample -->
